root@ubuntu:~# apt-get install -y keepalived
Reading package lists... Done
Building dependency tree
Reading state information... Done
The following extra packages will be installed:
  iproute ipvsadm libperl5.18 libsensors4 libsnmp-base libsnmp30
Suggested packages:
  heartbeat ldirectord lm-sensors snmp-mibs-downloader
The following NEW packages will be installed:
  iproute ipvsadm keepalived libperl5.18 libsensors4 libsnmp-base libsnmp30
0 upgraded, 7 newly installed, 0 to remove and 187 not upgraded.
Need to get 1,221 kB of archives.
After this operation, 4,728 kB of additional disk space will be used.
Get:1 http://cn.archive.ubuntu.com/ubuntu/ trusty/main libsensors4 amd64 1:3.3.4-2ubuntu1 [27.2 kB]
Get:2 http://cn.archive.ubuntu.com/ubuntu/ trusty/main libperl5.18 amd64 5.18.2-2ubuntu1 [1,322 B]
Get:3 http://cn.archive.ubuntu.com/ubuntu/ trusty-updates/main libsnmp-base all 5.7.2~dfsg-8.1ubuntu3.1 [203 kB]
Get:4 http://cn.archive.ubuntu.com/ubuntu/ trusty-updates/main libsnmp30 amd64 5.7.2~dfsg-8.1ubuntu3.1 [787 kB]
Get:5 http://cn.archive.ubuntu.com/ubuntu/ trusty-updates/main iproute all 1:3.12.0-2ubuntu1 [2,392 B]
Get:6 http://cn.archive.ubuntu.com/ubuntu/ trusty/main ipvsadm amd64 1:1.26-2ubuntu1 [44.4 kB]
Get:7 http://cn.archive.ubuntu.com/ubuntu/ trusty/main keepalived amd64 1:1.2.7-1ubuntu1 [155 kB]
Fetched 1,221 kB in 1s (1,097 kB/s)
Preconfiguring packages ...
Selecting previously unselected package libsensors4:amd64.
(Reading database ... 55753 files and directories currently installed.)
Preparing to unpack .../libsensors4_1%3a3.3.4-2ubuntu1_amd64.deb ...
Unpacking libsensors4:amd64 (1:3.3.4-2ubuntu1) ...
Selecting previously unselected package libperl5.18.
Preparing to unpack .../libperl5.18_5.18.2-2ubuntu1_amd64.deb ...
Unpacking libperl5.18 (5.18.2-2ubuntu1) ...
Selecting previously unselected package libsnmp-base.
Preparing to unpack .../libsnmp-base_5.7.2~dfsg-8.1ubuntu3.1_all.deb ...
Unpacking libsnmp-base (5.7.2~dfsg-8.1ubuntu3.1) ...
Selecting previously unselected package libsnmp30:amd64.
Preparing to unpack .../libsnmp30_5.7.2~dfsg-8.1ubuntu3.1_amd64.deb ...
Unpacking libsnmp30:amd64 (5.7.2~dfsg-8.1ubuntu3.1) ...
Selecting previously unselected package iproute.
Preparing to unpack .../iproute_1%3a3.12.0-2ubuntu1_all.deb ...
Unpacking iproute (1:3.12.0-2ubuntu1) ...
Selecting previously unselected package ipvsadm.
Preparing to unpack .../ipvsadm_1%3a1.26-2ubuntu1_amd64.deb ...
Unpacking ipvsadm (1:1.26-2ubuntu1) ...
Selecting previously unselected package keepalived.
Preparing to unpack .../keepalived_1%3a1.2.7-1ubuntu1_amd64.deb ...
Unpacking keepalived (1:1.2.7-1ubuntu1) ...
Processing triggers for man-db (2.6.7.1-1) ...
Processing triggers for ureadahead (0.100.0-16) ...
Setting up libsensors4:amd64 (1:3.3.4-2ubuntu1) ...
Setting up libperl5.18 (5.18.2-2ubuntu1) ...
Setting up libsnmp-base (5.7.2~dfsg-8.1ubuntu3.1) ...
Setting up libsnmp30:amd64 (5.7.2~dfsg-8.1ubuntu3.1) ...
Setting up iproute (1:3.12.0-2ubuntu1) ...
Setting up ipvsadm (1:1.26-2ubuntu1) ...
 * ipvsadm is not configured to run. Please edit /etc/default/ipvsadm
Processing triggers for ureadahead (0.100.0-16) ...
Setting up keepalived (1:1.2.7-1ubuntu1) ...
update-rc.d: warning: default stop runlevel arguments (0 1 6) do not match keepalived Default-Stop values (1)
Processing triggers for libc-bin (2.19-0ubuntu6) ...
Processing triggers for ureadahead (0.100.0-16) ...
