ceph_10.2.3-1_amd64.deb
ceph-base_10.2.3-1_amd64.deb
ceph-common_10.2.3-1_amd64.deb
ceph-fs-common_10.2.3-1_amd64.deb
ceph-fuse_10.2.3-1_amd64.deb
ceph-mds_10.2.3-1_amd64.deb
ceph-mon_10.2.3-1_amd64.deb
ceph-osd_10.2.3-1_amd64.deb
ceph-test_10.2.3-1_amd64.deb
libcephfs1_10.2.3-1_amd64.deb
librados2_10.2.3-1_amd64.deb
libradosstriper1_10.2.3-1_amd64.deb
librbd1_10.2.3-1_amd64.deb
librgw2_10.2.3-1_amd64.deb
python-cephfs_10.2.3-1_amd64.deb
python-rados_10.2.3-1_amd64.deb
python-rbd_10.2.3-1_amd64.deb
radosgw_10.2.3-1_amd64.deb


ceph-resource-agents_10.2.3-1_amd64.deb
libcephfs-dev_10.2.3-1_amd64.deb
libcephfs-java_10.2.3-1_all.deb
libcephfs-jni_10.2.3-1_amd64.deb
librados-dev_10.2.3-1_amd64.deb
libradosstriper-dev_10.2.3-1_amd64.deb
librbd-dev_10.2.3-1_amd64.deb
librgw-dev_10.2.3-1_amd64.deb
python-ceph_10.2.3-1_amd64.deb
rbd-fuse_10.2.3-1_amd64.deb
rbd-mirror_10.2.3-1_amd64.deb
rbd-nbd_10.2.3-1_amd64.deb
