sudo apt-get install -y python-yaml python-m2crypto python-crypto python-msgpack python-zmq dctrl-tools
Reading package lists...
Building dependency tree...
Reading state information...
dctrl-tools is already the newest version.
python-crypto is already the newest version.
python-m2crypto is already the newest version.
python-msgpack is already the newest version.
python-zmq is already the newest version.
python-yaml is already the newest version.
0 upgraded, 0 newly installed, 0 to remove and 176 not upgraded.
sudo dpkg -i salt-common_2014.7.0+ds-2~bpo70+1_all.deb
(Reading database ... 87752 files and directories currently installed.)
Preparing to unpack salt-common_2014.7.0+ds-2~bpo70+1_all.deb ...
Unpacking salt-common (2014.7.0+ds-2~bpo70+1) over (2014.7.0+ds-2~bpo70+1) ...
Setting up salt-common (2014.7.0+ds-2~bpo70+1) ...
Processing triggers for man-db (2.6.7.1-1) ...
sudo dpkg -i salt-minion_2014.7.0+ds-2~bpo70+1_all.deb
(Reading database ... 87752 files and directories currently installed.)
Preparing to unpack salt-minion_2014.7.0+ds-2~bpo70+1_all.deb ...
salt-minion stop/waiting
Unpacking salt-minion (2014.7.0+ds-2~bpo70+1) over (2014.7.0+ds-2~bpo70+1) ...
Setting up salt-minion (2014.7.0+ds-2~bpo70+1) ...
salt-minion start/running, process 14797
Processing triggers for man-db (2.6.7.1-1) ...
Processing triggers for ureadahead (0.100.0-16) ...
sudo apt-get install -y python-yaml python-m2crypto python-crypto python-msgpack python-zmq dctrl-tools
Reading package lists...
Building dependency tree...
Reading state information...
dctrl-tools is already the newest version.
python-crypto is already the newest version.
python-m2crypto is already the newest version.
python-msgpack is already the newest version.
python-zmq is already the newest version.
python-yaml is already the newest version.
0 upgraded, 0 newly installed, 0 to remove and 176 not upgraded.
sudo dpkg -i salt-common_2014.7.0+ds-2~bpo70+1_all.deb
(Reading database ... 87752 files and directories currently installed.)
Preparing to unpack salt-common_2014.7.0+ds-2~bpo70+1_all.deb ...
Unpacking salt-common (2014.7.0+ds-2~bpo70+1) over (2014.7.0+ds-2~bpo70+1) ...
Setting up salt-common (2014.7.0+ds-2~bpo70+1) ...
Processing triggers for man-db (2.6.7.1-1) ...
sudo dpkg -i salt-minion_2014.7.0+ds-2~bpo70+1_all.deb
(Reading database ... 87752 files and directories currently installed.)
Preparing to unpack salt-minion_2014.7.0+ds-2~bpo70+1_all.deb ...
salt-minion stop/waiting
Unpacking salt-minion (2014.7.0+ds-2~bpo70+1) over (2014.7.0+ds-2~bpo70+1) ...
Setting up salt-minion (2014.7.0+ds-2~bpo70+1) ...
salt-minion start/running, process 15563
Processing triggers for man-db (2.6.7.1-1) ...
Processing triggers for ureadahead (0.100.0-16) ...
sudo apt-get install -y python-yaml python-m2crypto python-crypto python-msgpack python-zmq dctrl-tools
Reading package lists...
Building dependency tree...
Reading state information...
dctrl-tools is already the newest version.
python-crypto is already the newest version.
python-m2crypto is already the newest version.
python-msgpack is already the newest version.
python-zmq is already the newest version.
python-yaml is already the newest version.
0 upgraded, 0 newly installed, 0 to remove and 176 not upgraded.
sudo dpkg -i salt-common_2014.7.0+ds-2~bpo70+1_all.deb
(Reading database ... 87752 files and directories currently installed.)
Preparing to unpack salt-common_2014.7.0+ds-2~bpo70+1_all.deb ...
Unpacking salt-common (2014.7.0+ds-2~bpo70+1) over (2014.7.0+ds-2~bpo70+1) ...
Setting up salt-common (2014.7.0+ds-2~bpo70+1) ...
Processing triggers for man-db (2.6.7.1-1) ...
sudo dpkg -i salt-minion_2014.7.0+ds-2~bpo70+1_all.deb
(Reading database ... 87752 files and directories currently installed.)
Preparing to unpack salt-minion_2014.7.0+ds-2~bpo70+1_all.deb ...
salt-minion stop/waiting
Unpacking salt-minion (2014.7.0+ds-2~bpo70+1) over (2014.7.0+ds-2~bpo70+1) ...
Setting up salt-minion (2014.7.0+ds-2~bpo70+1) ...
salt-minion start/running, process 16283
Processing triggers for man-db (2.6.7.1-1) ...
Processing triggers for ureadahead (0.100.0-16) ...
